<?xml version="1.0" encoding="UTF-8"?>
<!-- Generated by org.testng.reporters.JUnitReportReporter -->
<testsuite hostname="LAPTOP-POQKE9NF" failures="0" tests="1" name="testCase.TC001_SearchProductTest" time="140.285" errors="0" timestamp="2024-11-12T17:51:09 IST" skipped="0">
  <testcase classname="testCase.TC001_SearchProductTest" name="searchProduct" time="140.285"/>
</testsuite> <!-- testCase.TC001_SearchProductTest -->
