<?xml version="1.0" encoding="UTF-8"?>
<!-- Generated by org.testng.reporters.JUnitReportReporter -->
<testsuite hostname="LAPTOP-POQKE9NF" failures="0" tests="1" name="testCase.TC001_AddToCartTest" time="10.986" errors="0" timestamp="2024-11-11T16:10:47 IST" skipped="0">
  <testcase classname="testCase.TC001_AddToCartTest" name="addToCart" time="10.986"/>
</testsuite> <!-- testCase.TC001_AddToCartTest -->
