<?xml version="1.0" encoding="UTF-8"?>
<!-- Generated by org.testng.reporters.JUnitReportReporter -->
<testsuite hostname="LAPTOP-POQKE9NF" failures="0" tests="1" name="testCase.TC001_AccountRegistrationTest" time="3.853" errors="0" timestamp="2024-11-11T14:18:28 IST" skipped="0">
  <testcase classname="testCase.TC001_AccountRegistrationTest" name="account_registration" time="3.853"/>
</testsuite> <!-- testCase.TC001_AccountRegistrationTest -->
